<?xml version="1.0" encoding="UTF-8"?>
<!-- Generated by org.testng.reporters.JUnitXMLReporter -->
<testsuite ignored="0" hostname="Ernesto" failures="1" tests="6" name="Integration Tests" time="0.621" errors="0" timestamp="2026-04-17T00:43:44 CST">
  <testcase classname="com.api.tests.integration.UserIntegrationTests" name="step1_createUser" time="0.587">
    <failure type="java.lang.AssertionError" message="1 expectation failed.
Expected status code &amp;lt;201&amp;gt; but was &amp;lt;401&amp;gt;.
">
      <![CDATA[java.lang.AssertionError: 1 expectation failed.
Expected status code <201> but was <401>.

at org.codehaus.groovy.runtime.callsite.ConstructorSite$ConstructorSiteNoUnwrapNoCoerce.callConstructor(ConstructorSite.java:108)
at org.codehaus.groovy.runtime.callsite.AbstractCallSite.callConstructor(AbstractCallSite.java:277)
at io.restassured.internal.ResponseSpecificationImpl$HamcrestAssertionClosure.validate(ResponseSpecificationImpl.groovy:512)
at io.restassured.internal.ResponseSpecificationImpl$HamcrestAssertionClosure$validate$1.call(Unknown Source)
at io.restassured.internal.ResponseSpecificationImpl.validateResponseIfRequired(ResponseSpecificationImpl.groovy:696)
at io.restassured.internal.ResponseSpecificationImpl.this$2$validateResponseIfRequired(ResponseSpecificationImpl.groovy)
at org.codehaus.groovy.runtime.callsite.PlainObjectMetaMethodSite.doInvoke(PlainObjectMetaMethodSite.java:43)
at org.codehaus.groovy.runtime.callsite.PogoMetaMethodSite$PogoCachedMethodSiteNoUnwrapNoCoerce.invoke(PogoMetaMethodSite.java:198)
at org.codehaus.groovy.runtime.callsite.PogoMetaMethodSite.callCurrent(PogoMetaMethodSite.java:62)
at org.codehaus.groovy.runtime.callsite.AbstractCallSite.callCurrent(AbstractCallSite.java:185)
at io.restassured.internal.ResponseSpecificationImpl.statusCode(ResponseSpecificationImpl.groovy:135)
at io.restassured.specification.ResponseSpecification$statusCode$0.callCurrent(Unknown Source)
at io.restassured.internal.ResponseSpecificationImpl.statusCode(ResponseSpecificationImpl.groovy:143)
at io.restassured.internal.ValidatableResponseOptionsImpl.statusCode(ValidatableResponseOptionsImpl.java:89)
at com.api.tests.integration.UserIntegrationTests.step1_createUser(UserIntegrationTests.java:62)
at java.base/java.util.ArrayList.forEach(ArrayList.java:1596)
... Removed 35 stack frames]]>
    </failure>
  </testcase> <!-- step1_createUser -->
  <testcase classname="com.api.tests.integration.UserIntegrationTests" name="step2_getAndValidateCreatedUser" time="0.0">
    <skipped/>
  </testcase> <!-- step2_getAndValidateCreatedUser -->
  <testcase classname="com.api.tests.integration.UserIntegrationTests" name="step3_updateUser" time="0.0">
    <skipped/>
  </testcase> <!-- step3_updateUser -->
  <testcase classname="com.api.tests.integration.UserIntegrationTests" name="step4_confirmUpdate" time="0.0">
    <skipped/>
  </testcase> <!-- step4_confirmUpdate -->
  <testcase classname="com.api.tests.integration.UserIntegrationTests" name="step5_deleteUser" time="0.0">
    <skipped/>
  </testcase> <!-- step5_deleteUser -->
  <testcase classname="com.api.tests.integration.UserIntegrationTests" name="step6_confirmDeletion" time="0.0">
    <skipped/>
  </testcase> <!-- step6_confirmDeletion -->
</testsuite> <!-- Integration Tests -->
